# JRE version: OpenJDK Runtime Environment (8.0_152-b02) (build 1.8.0_152-release-1024-b02)
# Java VM: OpenJDK 64-Bit Server VM (25.152-b02 mixed mode windows-amd64 compressed oops)
Heap:
 PSYoungGen      total 228352K, used 181845K [0x00000000e0000000, 0x00000000eec80000, 0x0000000100000000)
  eden space 213504K, 85% used [0x00000000e0000000,0x00000000eb195550,0x00000000ed080000)
  from space 14848K, 0% used [0x00000000ede00000,0x00000000ede00000,0x00000000eec80000)
  to   space 13824K, 0% used [0x00000000ed080000,0x00000000ed080000,0x00000000ede00000)
 ParOldGen       total 92672K, used 17739K [0x00000000a0000000, 0x00000000a5a80000, 0x00000000e0000000)
  object space 92672K, 19% used [0x00000000a0000000,0x00000000a1152f60,0x00000000a5a80000)
 Metaspace       used 49089K, capacity 50492K, committed 50560K, reserved 1093632K
  class space    used 6670K, capacity 7039K, committed 7040K, reserved 1048576K
GC Heap History (10 events):
Event: 13.711 GC heap before
{Heap before GC invocations=4 (full 0):
 PSYoungGen      total 71680K, used 20215K [0x00000000e0000000, 0x00000000e8c00000, 0x0000000100000000)
  eden space 66560K, 22% used [0x00000000e0000000,0x00000000e0ec5c20,0x00000000e4100000)
  from space 5120K, 99% used [0x00000000e4100000,0x00000000e45f8040,0x00000000e4600000)
  to   space 5120K, 0% used [0x00000000e8700000,0x00000000e8700000,0x00000000e8c00000)
 ParOldGen       total 87552K, used 6215K [0x00000000a0000000, 0x00000000a5580000, 0x00000000e0000000)
  object space 87552K, 7% used [0x00000000a0000000,0x00000000a0611ec8,0x00000000a5580000)
 Metaspace       used 20755K, capacity 21208K, committed 21248K, reserved 1067008K
  class space    used 2884K, capacity 3042K, committed 3072K, reserved 1048576K
Event: 13.724 GC heap after
Heap after GC invocations=4 (full 0):
 PSYoungGen      total 138240K, used 5104K [0x00000000e0000000, 0x00000000e8c00000, 0x0000000100000000)
  eden space 133120K, 0% used [0x00000000e0000000,0x00000000e0000000,0x00000000e8200000)
  from space 5120K, 99% used [0x00000000e8700000,0x00000000e8bfc040,0x00000000e8c00000)
  to   space 5120K, 0% used [0x00000000e8200000,0x00000000e8200000,0x00000000e8700000)
 ParOldGen       total 87552K, used 8749K [0x00000000a0000000, 0x00000000a5580000, 0x00000000e0000000)
  object space 87552K, 9% used [0x00000000a0000000,0x00000000a088b518,0x00000000a5580000)
 Metaspace       used 20755K, capacity 21208K, committed 21248K, reserved 1067008K
  class space    used 2884K, capacity 3042K, committed 3072K, reserved 1048576K
}
Event: 13.724 GC heap before
{Heap before GC invocations=5 (full 1):
 PSYoungGen      total 138240K, used 5104K [0x00000000e0000000, 0x00000000e8c00000, 0x0000000100000000)
  eden space 133120K, 0% used [0x00000000e0000000,0x00000000e0000000,0x00000000e8200000)
  from space 5120K, 99% used [0x00000000e8700000,0x00000000e8bfc040,0x00000000e8c00000)
  to   space 5120K, 0% used [0x00000000e8200000,0x00000000e8200000,0x00000000e8700000)
 ParOldGen       total 87552K, used 8749K [0x00000000a0000000, 0x00000000a5580000, 0x00000000e0000000)
  object space 87552K, 9% used [0x00000000a0000000,0x00000000a088b518,0x00000000a5580000)
 Metaspace       used 20755K, capacity 21208K, committed 21248K, reserved 1067008K
  class space    used 2884K, capacity 3042K, committed 3072K, reserved 1048576K
Event: 13.806 GC heap after
Heap after GC invocations=5 (full 1):
 PSYoungGen      total 138240K, used 0K [0x00000000e0000000, 0x00000000e8c00000, 0x0000000100000000)
  eden space 133120K, 0% used [0x00000000e0000000,0x00000000e0000000,0x00000000e8200000)
  from space 5120K, 0% used [0x00000000e8700000,0x00000000e8700000,0x00000000e8c00000)
  to   space 5120K, 0% used [0x00000000e8200000,0x00000000e8200000,0x00000000e8700000)
 ParOldGen       total 59392K, used 8356K [0x00000000a0000000, 0x00000000a3a00000, 0x00000000e0000000)
  object space 59392K, 14% used [0x00000000a0000000,0x00000000a0829058,0x00000000a3a00000)
 Metaspace       used 20755K, capacity 21208K, committed 21248K, reserved 1067008K
  class space    used 2884K, capacity 3042K, committed 3072K, reserved 1048576K
}
Event: 22.960 GC heap before
{Heap before GC invocations=6 (full 1):
 PSYoungGen      total 138240K, used 133120K [0x00000000e0000000, 0x00000000e8c00000, 0x0000000100000000)
  eden space 133120K, 100% used [0x00000000e0000000,0x00000000e8200000,0x00000000e8200000)
  from space 5120K, 0% used [0x00000000e8700000,0x00000000e8700000,0x00000000e8c00000)
  to   space 5120K, 0% used [0x00000000e8200000,0x00000000e8200000,0x00000000e8700000)
 ParOldGen       total 59392K, used 8356K [0x00000000a0000000, 0x00000000a3a00000, 0x00000000e0000000)
  object space 59392K, 14% used [0x00000000a0000000,0x00000000a0829058,0x00000000a3a00000)
 Metaspace       used 30118K, capacity 30638K, committed 30848K, reserved 1075200K
  class space    used 4218K, capacity 4362K, committed 4480K, reserved 1048576K
Event: 22.982 GC heap after
Heap after GC invocations=6 (full 1):
 PSYoungGen      total 138240K, used 5088K [0x00000000e0000000, 0x00000000eec80000, 0x0000000100000000)
  eden space 133120K, 0% used [0x00000000e0000000,0x00000000e0000000,0x00000000e8200000)
  from space 5120K, 99% used [0x00000000e8200000,0x00000000e86f8020,0x00000000e8700000)
  to   space 14848K, 0% used [0x00000000ede00000,0x00000000ede00000,0x00000000eec80000)
 ParOldGen       total 59392K, used 16850K [0x00000000a0000000, 0x00000000a3a00000, 0x00000000e0000000)
  object space 59392K, 28% used [0x00000000a0000000,0x00000000a1074ae0,0x00000000a3a00000)
 Metaspace       used 30118K, capacity 30638K, committed 30848K, reserved 1075200K
  class space    used 4218K, capacity 4362K, committed 4480K, reserved 1048576K
}
Event: 24.305 GC heap before
{Heap before GC invocations=7 (full 1):
 PSYoungGen      total 138240K, used 28400K [0x00000000e0000000, 0x00000000eec80000, 0x0000000100000000)
  eden space 133120K, 17% used [0x00000000e0000000,0x00000000e16c43c8,0x00000000e8200000)
  from space 5120K, 99% used [0x00000000e8200000,0x00000000e86f8020,0x00000000e8700000)
  to   space 14848K, 0% used [0x00000000ede00000,0x00000000ede00000,0x00000000eec80000)
 ParOldGen       total 59392K, used 16850K [0x00000000a0000000, 0x00000000a3a00000, 0x00000000e0000000)
  object space 59392K, 28% used [0x00000000a0000000,0x00000000a1074ae0,0x00000000a3a00000)
 Metaspace       used 34753K, capacity 35318K, committed 35416K, reserved 1079296K
  class space    used 4788K, capacity 4971K, committed 4992K, reserved 1048576K
Event: 24.321 GC heap after
Heap after GC invocations=7 (full 1):
 PSYoungGen      total 228352K, used 8578K [0x00000000e0000000, 0x00000000eec80000, 0x0000000100000000)
  eden space 213504K, 0% used [0x00000000e0000000,0x00000000e0000000,0x00000000ed080000)
  from space 14848K, 57% used [0x00000000ede00000,0x00000000ee660bb0,0x00000000eec80000)
  to   space 13824K, 0% used [0x00000000ed080000,0x00000000ed080000,0x00000000ede00000)
 ParOldGen       total 59392K, used 16858K [0x00000000a0000000, 0x00000000a3a00000, 0x00000000e0000000)
  object space 59392K, 28% used [0x00000000a0000000,0x00000000a1076ae0,0x00000000a3a00000)
 Metaspace       used 34753K, capacity 35318K, committed 35416K, reserved 1079296K
  class space    used 4788K, capacity 4971K, committed 4992K, reserved 1048576K
}
Event: 24.321 GC heap before
{Heap before GC invocations=8 (full 2):
 PSYoungGen      total 228352K, used 8578K [0x00000000e0000000, 0x00000000eec80000, 0x0000000100000000)
  eden space 213504K, 0% used [0x00000000e0000000,0x00000000e0000000,0x00000000ed080000)
  from space 14848K, 57% used [0x00000000ede00000,0x00000000ee660bb0,0x00000000eec80000)
  to   space 13824K, 0% used [0x00000000ed080000,0x00000000ed080000,0x00000000ede00000)
 ParOldGen       total 59392K, used 16858K [0x00000000a0000000, 0x00000000a3a00000, 0x00000000e0000000)
  object space 59392K, 28% used [0x00000000a0000000,0x00000000a1076ae0,0x00000000a3a00000)
 Metaspace       used 34753K, capacity 35318K, committed 35416K, reserved 1079296K
  class space    used 4788K, capacity 4971K, committed 4992K, reserved 1048576K
Event: 24.405 GC heap after
Heap after GC invocations=8 (full 2):
 PSYoungGen      total 228352K, used 0K [0x00000000e0000000, 0x00000000eec80000, 0x0000000100000000)
  eden space 213504K, 0% used [0x00000000e0000000,0x00000000e0000000,0x00000000ed080000)
  from space 14848K, 0% used [0x00000000ede00000,0x00000000ede00000,0x00000000eec80000)
  to   space 13824K, 0% used [0x00000000ed080000,0x00000000ed080000,0x00000000ede00000)
 ParOldGen       total 92672K, used 17739K [0x00000000a0000000, 0x00000000a5a80000, 0x00000000e0000000)
  object space 92672K, 19% used [0x00000000a0000000,0x00000000a1152f60,0x00000000a5a80000)
 Metaspace       used 34753K, capacity 35318K, committed 35416K, reserved 1079296K
  class space    used 4788K, capacity 4971K, committed 4992K, reserved 1048576K
}

